<?xml version="1.0" encoding="UTF-8"?>
<testng-results skipped="0" failed="1" ignored="0" total="4" passed="3">
  <reporter-output>
    <line>
      <![CDATA[title is matching]]>
    </line>
    <line>
      <![CDATA[title is matching]]>
    </line>
    <line>
      <![CDATA[title is matching]]>
    </line>
    <line>
      <![CDATA[title is matching]]>
    </line>
  </reporter-output>
  <suite name="Suite" duration-ms="49356" started-at="2018-12-22T02:45:48Z" finished-at="2018-12-22T02:46:37Z">
    <groups>
    </groups>
    <test name="firefoxTest" duration-ms="40872" started-at="2018-12-22T02:45:48Z" finished-at="2018-12-22T02:46:29Z">
      <class name="Script.actiTimeLoginScript">
        <test-method status="PASS" signature="beforeMethod(java.lang.String)[pri:0, instance:Script.actiTimeLoginScript@cb51256]" name="beforeMethod" is-config="true" duration-ms="14791" started-at="2018-12-22T02:45:48Z" finished-at="2018-12-22T02:46:03Z">
          <params>
            <param index="0">
              <value>
                <![CDATA[firefox]]>
              </value>
            </param>
          </params>
          <reporter-output>
          </reporter-output>
        </test-method> <!-- beforeMethod -->
        <test-method status="PASS" signature="Test1()[pri:0, instance:Script.actiTimeLoginScript@cb51256]" name="Test1" duration-ms="5309" started-at="2018-12-22T02:46:03Z" finished-at="2018-12-22T02:46:08Z">
          <reporter-output>
            <line>
              <![CDATA[title is matching]]>
            </line>
          </reporter-output>
        </test-method> <!-- Test1 -->
        <test-method status="PASS" signature="afterMethod(org.testng.ITestResult)[pri:0, instance:Script.actiTimeLoginScript@cb51256]" name="afterMethod" is-config="true" duration-ms="1992" started-at="2018-12-22T02:46:08Z" finished-at="2018-12-22T02:46:10Z">
          <params>
            <param index="0">
              <value>
                <![CDATA[[TestResult name=Test1 status=SUCCESS method=actiTimeLoginScript.Test1()[pri:0, instance:Script.actiTimeLoginScript@cb51256] output=title is matching]]]>
              </value>
            </param>
          </params>
          <reporter-output>
          </reporter-output>
        </test-method> <!-- afterMethod -->
      </class> <!-- Script.actiTimeLoginScript -->
      <class name="Script.usersPageScript">
        <test-method status="PASS" signature="beforeMethod(java.lang.String)[pri:0, instance:Script.usersPageScript@59906517]" name="beforeMethod" is-config="true" duration-ms="12155" started-at="2018-12-22T02:46:10Z" finished-at="2018-12-22T02:46:22Z">
          <params>
            <param index="0">
              <value>
                <![CDATA[firefox]]>
              </value>
            </param>
          </params>
          <reporter-output>
          </reporter-output>
        </test-method> <!-- beforeMethod -->
        <test-method status="FAIL" signature="Test1()[pri:0, instance:Script.usersPageScript@59906517]" name="Test1" duration-ms="3474" started-at="2018-12-22T02:46:22Z" finished-at="2018-12-22T02:46:26Z">
          <exception class="org.openqa.selenium.ElementClickInterceptedException">
            <message>
              <![CDATA[Element <div class="label"> is not clickable at point (872.63330078125,17.5) because another element <div id="preInsertedTransformedMoireId" class="transformedMoireClass"> obscures it
Build info: version: '3.14.0', revision: 'aacccce0', time: '2018-08-02T20:13:22.693Z'
System info: host: 'LAPTOP-IEHG6H3J', ip: '192.168.15.44', os.name: 'Windows 10', os.arch: 'amd64', os.version: '10.0', java.version: '1.8.0_152'
Driver info: org.openqa.selenium.firefox.FirefoxDriver
Capabilities {acceptInsecureCerts: true, browserName: firefox, browserVersion: 64.0, javascriptEnabled: true, moz:accessibilityChecks: false, moz:geckodriverVersion: 0.23.0, moz:headless: false, moz:processID: 1276, moz:profile: C:\Users\User\AppData\Local..., moz:shutdownTimeout: 60000, moz:useNonSpecCompliantPointerOrigin: false, moz:webdriverClick: true, pageLoadStrategy: normal, platform: WINDOWS, platformName: WINDOWS, platformVersion: 10.0, rotatable: false, setWindowRect: true, timeouts: {implicit: 0, pageLoad: 300000, script: 30000}, unhandledPromptBehavior: dismiss and notify}
Session ID: f2f97fae-ed51-419e-af9e-91b44417fa22]]>
            </message>
            <full-stacktrace>
              <![CDATA[org.openqa.selenium.ElementClickInterceptedException: Element <div class="label"> is not clickable at point (872.63330078125,17.5) because another element <div id="preInsertedTransformedMoireId" class="transformedMoireClass"> obscures it
Build info: version: '3.14.0', revision: 'aacccce0', time: '2018-08-02T20:13:22.693Z'
System info: host: 'LAPTOP-IEHG6H3J', ip: '192.168.15.44', os.name: 'Windows 10', os.arch: 'amd64', os.version: '10.0', java.version: '1.8.0_152'
Driver info: org.openqa.selenium.firefox.FirefoxDriver
Capabilities {acceptInsecureCerts: true, browserName: firefox, browserVersion: 64.0, javascriptEnabled: true, moz:accessibilityChecks: false, moz:geckodriverVersion: 0.23.0, moz:headless: false, moz:processID: 1276, moz:profile: C:\Users\User\AppData\Local..., moz:shutdownTimeout: 60000, moz:useNonSpecCompliantPointerOrigin: false, moz:webdriverClick: true, pageLoadStrategy: normal, platform: WINDOWS, platformName: WINDOWS, platformVersion: 10.0, rotatable: false, setWindowRect: true, timeouts: {implicit: 0, pageLoad: 300000, script: 30000}, unhandledPromptBehavior: dismiss and notify}
Session ID: f2f97fae-ed51-419e-af9e-91b44417fa22
at sun.reflect.NativeConstructorAccessorImpl.newInstance0(Native Method)
at sun.reflect.NativeConstructorAccessorImpl.newInstance(Unknown Source)
at sun.reflect.DelegatingConstructorAccessorImpl.newInstance(Unknown Source)
at java.lang.reflect.Constructor.newInstance(Unknown Source)
at org.openqa.selenium.remote.http.W3CHttpResponseCodec.createException(W3CHttpResponseCodec.java:187)
at org.openqa.selenium.remote.http.W3CHttpResponseCodec.decode(W3CHttpResponseCodec.java:122)
at org.openqa.selenium.remote.http.W3CHttpResponseCodec.decode(W3CHttpResponseCodec.java:49)
at org.openqa.selenium.remote.HttpCommandExecutor.execute(HttpCommandExecutor.java:158)
at org.openqa.selenium.remote.service.DriverCommandExecutor.execute(DriverCommandExecutor.java:83)
at org.openqa.selenium.remote.RemoteWebDriver.execute(RemoteWebDriver.java:548)
at org.openqa.selenium.remote.RemoteWebElement.execute(RemoteWebElement.java:276)
at org.openqa.selenium.remote.RemoteWebElement.click(RemoteWebElement.java:83)
at sun.reflect.NativeMethodAccessorImpl.invoke0(Native Method)
at sun.reflect.NativeMethodAccessorImpl.invoke(Unknown Source)
at sun.reflect.DelegatingMethodAccessorImpl.invoke(Unknown Source)
at java.lang.reflect.Method.invoke(Unknown Source)
at org.openqa.selenium.support.pagefactory.internal.LocatingElementHandler.invoke(LocatingElementHandler.java:51)
at com.sun.proxy.$Proxy10.click(Unknown Source)
at POM.usersPage.clickUsers(usersPage.java:26)
at Script.usersPageScript.Test1(usersPageScript.java:22)
at sun.reflect.NativeMethodAccessorImpl.invoke0(Native Method)
at sun.reflect.NativeMethodAccessorImpl.invoke(Unknown Source)
at sun.reflect.DelegatingMethodAccessorImpl.invoke(Unknown Source)
at java.lang.reflect.Method.invoke(Unknown Source)
at org.testng.internal.MethodInvocationHelper.invokeMethod(MethodInvocationHelper.java:124)
at org.testng.internal.Invoker.invokeMethod(Invoker.java:580)
at org.testng.internal.Invoker.invokeTestMethod(Invoker.java:716)
at org.testng.internal.Invoker.invokeTestMethods(Invoker.java:988)
at org.testng.internal.TestMethodWorker.invokeTestMethods(TestMethodWorker.java:125)
at org.testng.internal.TestMethodWorker.run(TestMethodWorker.java:109)
at org.testng.TestRunner.privateRun(TestRunner.java:648)
at org.testng.TestRunner.run(TestRunner.java:505)
at org.testng.SuiteRunner.runTest(SuiteRunner.java:455)
at org.testng.SuiteRunner.access$000(SuiteRunner.java:40)
at org.testng.SuiteRunner$SuiteWorker.run(SuiteRunner.java:489)
at org.testng.internal.thread.ThreadUtil$1.call(ThreadUtil.java:52)
at java.util.concurrent.FutureTask.run(Unknown Source)
at java.util.concurrent.ThreadPoolExecutor.runWorker(Unknown Source)
at java.util.concurrent.ThreadPoolExecutor$Worker.run(Unknown Source)
at java.lang.Thread.run(Unknown Source)
]]>
            </full-stacktrace>
          </exception> <!-- org.openqa.selenium.ElementClickInterceptedException -->
          <reporter-output>
            <line>
              <![CDATA[title is matching]]>
            </line>
          </reporter-output>
        </test-method> <!-- Test1 -->
        <test-method status="PASS" signature="afterMethod(org.testng.ITestResult)[pri:0, instance:Script.usersPageScript@59906517]" name="afterMethod" is-config="true" duration-ms="3118" started-at="2018-12-22T02:46:26Z" finished-at="2018-12-22T02:46:29Z">
          <params>
            <param index="0">
              <value>
                <![CDATA[[TestResult name=Test1 status=FAILURE method=usersPageScript.Test1()[pri:0, instance:Script.usersPageScript@59906517] output=title is matching]]]>
              </value>
            </param>
          </params>
          <reporter-output>
          </reporter-output>
        </test-method> <!-- afterMethod -->
      </class> <!-- Script.usersPageScript -->
    </test> <!-- firefoxTest -->
    <test name="chromeTest" duration-ms="49356" started-at="2018-12-22T02:45:48Z" finished-at="2018-12-22T02:46:37Z">
      <class name="Script.actiTimeLoginScript">
        <test-method status="PASS" signature="beforeMethod(java.lang.String)[pri:0, instance:Script.actiTimeLoginScript@7a187f14]" name="beforeMethod" is-config="true" duration-ms="9793" started-at="2018-12-22T02:45:48Z" finished-at="2018-12-22T02:45:58Z">
          <params>
            <param index="0">
              <value>
                <![CDATA[chrome]]>
              </value>
            </param>
          </params>
          <reporter-output>
          </reporter-output>
        </test-method> <!-- beforeMethod -->
        <test-method status="PASS" signature="Test1()[pri:0, instance:Script.actiTimeLoginScript@7a187f14]" name="Test1" duration-ms="16195" started-at="2018-12-22T02:45:58Z" finished-at="2018-12-22T02:46:14Z">
          <reporter-output>
            <line>
              <![CDATA[title is matching]]>
            </line>
          </reporter-output>
        </test-method> <!-- Test1 -->
        <test-method status="PASS" signature="afterMethod(org.testng.ITestResult)[pri:0, instance:Script.actiTimeLoginScript@7a187f14]" name="afterMethod" is-config="true" duration-ms="2509" started-at="2018-12-22T02:46:14Z" finished-at="2018-12-22T02:46:16Z">
          <params>
            <param index="0">
              <value>
                <![CDATA[[TestResult name=Test1 status=SUCCESS method=actiTimeLoginScript.Test1()[pri:0, instance:Script.actiTimeLoginScript@7a187f14] output=title is matching]]]>
              </value>
            </param>
          </params>
          <reporter-output>
          </reporter-output>
        </test-method> <!-- afterMethod -->
      </class> <!-- Script.actiTimeLoginScript -->
      <class name="Script.usersPageScript">
        <test-method status="PASS" signature="beforeMethod(java.lang.String)[pri:0, instance:Script.usersPageScript@6f195bc3]" name="beforeMethod" is-config="true" duration-ms="8177" started-at="2018-12-22T02:46:16Z" finished-at="2018-12-22T02:46:25Z">
          <params>
            <param index="0">
              <value>
                <![CDATA[chrome]]>
              </value>
            </param>
          </params>
          <reporter-output>
          </reporter-output>
        </test-method> <!-- beforeMethod -->
        <test-method status="PASS" signature="Test1()[pri:0, instance:Script.usersPageScript@6f195bc3]" name="Test1" duration-ms="12197" started-at="2018-12-22T02:46:25Z" finished-at="2018-12-22T02:46:37Z">
          <reporter-output>
            <line>
              <![CDATA[title is matching]]>
            </line>
          </reporter-output>
        </test-method> <!-- Test1 -->
        <test-method status="PASS" signature="afterMethod(org.testng.ITestResult)[pri:0, instance:Script.usersPageScript@6f195bc3]" name="afterMethod" is-config="true" duration-ms="436" started-at="2018-12-22T02:46:37Z" finished-at="2018-12-22T02:46:37Z">
          <params>
            <param index="0">
              <value>
                <![CDATA[[TestResult name=Test1 status=SUCCESS method=usersPageScript.Test1()[pri:0, instance:Script.usersPageScript@6f195bc3] output=title is matching]]]>
              </value>
            </param>
          </params>
          <reporter-output>
          </reporter-output>
        </test-method> <!-- afterMethod -->
      </class> <!-- Script.usersPageScript -->
    </test> <!-- chromeTest -->
  </suite> <!-- Suite -->
</testng-results>
